<?xml version="1.0" encoding="UTF-8"?>
<!-- Generated by org.testng.reporters.JUnitReportReporter -->
<testsuite hostname="DESKTOP-MI1OH4F" failures="0" tests="3" name="testcases.DashbordTest" time="42.024" errors="0" timestamp="2022-11-25T15:02:13 IST" skipped="0">
  <testcase classname="testcases.DashbordTest" name="validateAdminTab" time="34.552"/>
  <system-out/>
  <testcase classname="testcases.DashbordTest" name="validatePimTab" time="3.977"/>
  <system-out/>
  <testcase classname="testcases.DashbordTest" name="validateLeaveTab" time="3.495"/>
  <system-out/>
</testsuite> <!-- testcases.DashbordTest -->
