<?xml version="1.0" encoding="UTF-8"?>
<!-- Generated by org.testng.reporters.JUnitReportReporter -->
<testsuite hostname="DESKTOP-MI1OH4F" failures="0" tests="2" name="testcases.DashbordTest" time="18.941" errors="0" timestamp="2022-11-23T00:11:58 IST" skipped="0">
  <testcase classname="testcases.DashbordTest" name="validateAdminTab" time="17.362"/>
  <system-out/>
  <testcase classname="testcases.DashbordTest" name="validatePimTab" time="1.579"/>
  <system-out/>
</testsuite> <!-- testcases.DashbordTest -->
