<?xml version="1.0" encoding="UTF-8"?>
<!-- Generated by org.testng.reporters.JUnitReportReporter -->
<testsuite hostname="DESKTOP-MI1OH4F" failures="0" tests="7" name="testcases.LoginTest" time="48.045" errors="0" timestamp="2022-11-25T13:21:24 IST" skipped="0">
  <testcase classname="testcases.LoginTest" name="validatelogin" time="7.272"/>
  <system-out/>
  <testcase classname="testcases.LoginTest" name="validateTitle" time="3.546"/>
  <system-out/>
  <testcase classname="testcases.LoginTest" name="validateLogout" time="7.526"/>
  <system-out/>
  <testcase classname="testcases.LoginTest" name="validateInvalidUsernameLogin" time="11.604"/>
  <system-out/>
  <testcase classname="testcases.LoginTest" name="validateInvalidPasswordLogin" time="6.061"/>
  <system-out/>
  <testcase classname="testcases.LoginTest" name="validateInvalidUnameAndPwordLogin" time="6.242"/>
  <system-out/>
  <testcase classname="testcases.LoginTest" name="validatelogin1" time="5.794"/>
  <system-out/>
</testsuite> <!-- testcases.LoginTest -->
