<?xml version="1.0" encoding="UTF-8"?>
<!-- Generated by org.testng.reporters.JUnitReportReporter -->
<testsuite hostname="DESKTOP-MI1OH4F" failures="0" tests="3" name="testcases.DashbordTest" time="101.238" errors="0" timestamp="2022-11-25T13:21:24 IST" skipped="0">
  <testcase classname="testcases.DashbordTest" name="validateAdminTab" time="79.083"/>
  <system-out/>
  <testcase classname="testcases.DashbordTest" name="validatePimTab" time="9.804"/>
  <system-out/>
  <testcase classname="testcases.DashbordTest" name="validateLeaveTab" time="12.351"/>
  <system-out/>
</testsuite> <!-- testcases.DashbordTest -->
