<?xml version="1.0" encoding="UTF-8"?>
<!-- Generated by org.testng.reporters.JUnitReportReporter -->
<testsuite hostname="DESKTOP-MI1OH4F" failures="0" tests="7" name="testcases.LoginTest" time="30.262" errors="0" timestamp="2022-11-23T15:26:27 IST" skipped="0">
  <testcase classname="testcases.LoginTest" name="validatelogin" time="8.776"/>
  <system-out/>
  <testcase classname="testcases.LoginTest" name="validateTitle" time="5.187"/>
  <system-out/>
  <testcase classname="testcases.LoginTest" name="validateLogout" time="4.883"/>
  <system-out/>
  <testcase classname="testcases.LoginTest" name="validateInvalidUsernameLogin" time="3.191"/>
  <system-out/>
  <testcase classname="testcases.LoginTest" name="validateInvalidPasswordLogin" time="3.900"/>
  <system-out/>
  <testcase classname="testcases.LoginTest" name="validateInvalidUnameAndPwordLogin" time="3.273"/>
  <system-out/>
  <testcase classname="testcases.LoginTest" name="validatelogin1" time="1.052"/>
  <system-out/>
</testsuite> <!-- testcases.LoginTest -->
