<?xml version="1.0" encoding="UTF-8"?>
<!-- Generated by org.testng.reporters.JUnitReportReporter -->
<testsuite hostname="DESKTOP-MI1OH4F" failures="0" tests="3" name="testcases.DashbordTest" time="36.342" errors="0" timestamp="2022-11-23T15:26:27 IST" skipped="0">
  <testcase classname="testcases.DashbordTest" name="validateAdminTab" time="29.580"/>
  <system-out/>
  <testcase classname="testcases.DashbordTest" name="validatePimTab" time="3.745"/>
  <system-out/>
  <testcase classname="testcases.DashbordTest" name="validateLeaveTab" time="3.017"/>
  <system-out/>
</testsuite> <!-- testcases.DashbordTest -->
