<?xml version="1.0" encoding="UTF-8"?>
<!-- Generated by org.testng.reporters.JUnitReportReporter -->
<testsuite hostname="DESKTOP-MI1OH4F" failures="0" tests="7" name="testcases.LoginTest" time="21.319" errors="0" timestamp="2022-11-23T00:11:58 IST" skipped="0">
  <testcase classname="testcases.LoginTest" name="validatelogin" time="4.670"/>
  <system-out/>
  <testcase classname="testcases.LoginTest" name="validateTitle" time="1.297"/>
  <system-out/>
  <testcase classname="testcases.LoginTest" name="validateLogout" time="4.996"/>
  <system-out/>
  <testcase classname="testcases.LoginTest" name="validateInvalidUsernameLogin" time="3.261"/>
  <system-out/>
  <testcase classname="testcases.LoginTest" name="validateInvalidPasswordLogin" time="3.224"/>
  <system-out/>
  <testcase classname="testcases.LoginTest" name="validateInvalidUnameAndPwordLogin" time="2.848"/>
  <system-out/>
  <testcase classname="testcases.LoginTest" name="validatelogin1" time="1.023"/>
  <system-out/>
</testsuite> <!-- testcases.LoginTest -->
