<?xml version="1.0" encoding="UTF-8"?>
<!-- Generated by org.testng.reporters.JUnitReportReporter -->
<testsuite hostname="DESKTOP-MI1OH4F" failures="0" tests="6" name="testcases.LoginTest" time="14.737" errors="0" timestamp="2022-11-21T17:21:11 IST" skipped="0">
  <testcase classname="testcases.LoginTest" name="validatelogin" time="4.479"/>
  <system-out/>
  <testcase classname="testcases.LoginTest" name="validateTitle" time="0.047"/>
  <system-out/>
  <testcase classname="testcases.LoginTest" name="validateLogout" time="3.330"/>
  <system-out/>
  <testcase classname="testcases.LoginTest" name="validateInvalidUsernameLogin" time="2.323"/>
  <system-out/>
  <testcase classname="testcases.LoginTest" name="validateInvalidPasswordLogin" time="2.313"/>
  <system-out/>
  <testcase classname="testcases.LoginTest" name="validateInvalidUnameAndPwordLogin" time="2.245"/>
  <system-out/>
</testsuite> <!-- testcases.LoginTest -->
