<?xml version="1.0" encoding="UTF-8"?>
<!-- Generated by org.testng.reporters.JUnitReportReporter -->
<testsuite hostname="DESKTOP-MI1OH4F" failures="0" tests="1" name="testcases.DashbordTest" time="1.571" errors="0" timestamp="2022-11-21T14:56:47 IST" skipped="0">
  <testcase classname="testcases.DashbordTest" name="validateAdminTab" time="1.571"/>
  <system-out/>
</testsuite> <!-- testcases.DashbordTest -->
