<?xml version="1.0" encoding="UTF-8"?>
<!-- Generated by org.testng.reporters.JUnitReportReporter -->
<testsuite hostname="DESKTOP-MI1OH4F" failures="0" tests="7" name="testcases.LoginTest" time="26.125" errors="0" timestamp="2022-11-25T15:02:13 IST" skipped="0">
  <testcase classname="testcases.LoginTest" name="validatelogin" time="12.318"/>
  <system-out/>
  <testcase classname="testcases.LoginTest" name="validateTitle" time="0.679"/>
  <system-out/>
  <testcase classname="testcases.LoginTest" name="validateLogout" time="3.632"/>
  <system-out/>
  <testcase classname="testcases.LoginTest" name="validateInvalidUsernameLogin" time="2.718"/>
  <system-out/>
  <testcase classname="testcases.LoginTest" name="validateInvalidPasswordLogin" time="3.311"/>
  <system-out/>
  <testcase classname="testcases.LoginTest" name="validateInvalidUnameAndPwordLogin" time="2.699"/>
  <system-out/>
  <testcase classname="testcases.LoginTest" name="validatelogin1" time="0.768"/>
  <system-out/>
</testsuite> <!-- testcases.LoginTest -->
